Copyright 1986-2018 Xilinx, Inc. All Rights Reserved.
----------------------------------------------------------------------------------------------------------------------------------------------
| Tool Version     : Vivado v.2018.2 (win64) Build 2258646 Thu Jun 14 20:03:12 MDT 2018
| Date             : Wed Jan 17 00:58:29 2024
| Host             : E7CB running 64-bit major release  (build 9200)
| Command          : report_power -file computer_power_routed.rpt -pb computer_power_summary_routed.pb -rpx computer_power_routed.rpx
| Design           : computer
| Device           : xc7a75tfgg484-2
| Design State     : routed
| Grade            : commercial
| Process          : typical
| Characterization : Production
----------------------------------------------------------------------------------------------------------------------------------------------

Power Report

Table of Contents
-----------------
1. Summary
1.1 On-Chip Components
1.2 Power Supply Summary
1.3 Confidence Level
2. Settings
2.1 Environment
2.2 Clock Constraints
3. Detailed Reports
3.1 By Hierarchy

1. Summary
----------

+--------------------------+----------------------------------+
| Total On-Chip Power (W)  | 88.192 (Junction temp exceeded!) |
| Design Power Budget (W)  | Unspecified*                     |
| Power Budget Margin (W)  | NA                               |
| Dynamic (W)              | 87.396                           |
| Device Static (W)        | 0.797                            |
| Effective TJA (C/W)      | 2.7                              |
| Max Ambient (C)          | 0.0                              |
| Junction Temperature (C) | 125.0                            |
| Confidence Level         | Low                              |
| Setting File             | ---                              |
| Simulation Activity File | ---                              |
| Design Nets Matched      | NA                               |
+--------------------------+----------------------------------+
* Specify Design Power Budget using, set_operating_conditions -design_power_budget <value in Watts>


1.1 On-Chip Components
----------------------

+----------------+-----------+----------+-----------+-----------------+
| On-Chip        | Power (W) | Used     | Available | Utilization (%) |
+----------------+-----------+----------+-----------+-----------------+
| Slice Logic    |     3.486 |     4324 |       --- |             --- |
|   LUT as Logic |     3.267 |      961 |     47200 |            2.04 |
|   BUFG         |     0.100 |        9 |        32 |           28.13 |
|   Register     |     0.051 |     2410 |     94400 |            2.55 |
|   F7/F8 Muxes  |     0.036 |      409 |     63400 |            0.65 |
|   CARRY4       |     0.032 |       10 |     15850 |            0.06 |
|   Others       |     0.000 |      525 |       --- |             --- |
| Signals        |    12.256 |     2905 |       --- |             --- |
| I/O            |    71.654 |       33 |       285 |           11.58 |
| Static Power   |     0.797 |          |           |                 |
| Total          |    88.192 |          |           |                 |
+----------------+-----------+----------+-----------+-----------------+


1.2 Power Supply Summary
------------------------

+-----------+-------------+-----------+-------------+------------+
| Source    | Voltage (V) | Total (A) | Dynamic (A) | Static (A) |
+-----------+-------------+-----------+-------------+------------+
| Vccint    |       1.000 |    16.320 |      15.757 |      0.563 |
| Vccaux    |       1.800 |     2.718 |       2.625 |      0.093 |
| Vcco33    |       3.300 |    20.281 |      20.277 |      0.004 |
| Vcco25    |       2.500 |     0.000 |       0.000 |      0.000 |
| Vcco18    |       1.800 |     0.000 |       0.000 |      0.000 |
| Vcco15    |       1.500 |     0.000 |       0.000 |      0.000 |
| Vcco135   |       1.350 |     0.000 |       0.000 |      0.000 |
| Vcco12    |       1.200 |     0.000 |       0.000 |      0.000 |
| Vccaux_io |       1.800 |     0.000 |       0.000 |      0.000 |
| Vccbram   |       1.000 |     0.018 |       0.000 |      0.018 |
| MGTAVcc   |       1.000 |     0.000 |       0.000 |      0.000 |
| MGTAVtt   |       1.200 |     0.000 |       0.000 |      0.000 |
| Vccadc    |       1.800 |     0.020 |       0.000 |      0.020 |
+-----------+-------------+-----------+-------------+------------+


1.3 Confidence Level
--------------------

+-----------------------------+------------+--------------------------------------------------------+--------------------------------------------------------------------------------------------------------------------+
| User Input Data             | Confidence | Details                                                | Action                                                                                                             |
+-----------------------------+------------+--------------------------------------------------------+--------------------------------------------------------------------------------------------------------------------+
| Design implementation state | High       | Design is routed                                       |                                                                                                                    |
| Clock nodes activity        | Low        | User specified less than 75% of clocks                 | Provide missing clock activity with a constraint file, simulation results or by editing the "By Clock Domain" view |
| I/O nodes activity          | Low        | More than 75% of inputs are missing user specification | Provide missing input activity with simulation results or by editing the "By Resource Type -> I/Os" view           |
| Internal nodes activity     | Medium     | User specified less than 25% of internal nodes         | Provide missing internal nodes activity with simulation results or by editing the "By Resource Type" views         |
| Device models               | High       | Device models are Production                           |                                                                                                                    |
|                             |            |                                                        |                                                                                                                    |
| Overall confidence level    | Low        |                                                        |                                                                                                                    |
+-----------------------------+------------+--------------------------------------------------------+--------------------------------------------------------------------------------------------------------------------+


2. Settings
-----------

2.1 Environment
---------------

+-----------------------+--------------------------+
| Ambient Temp (C)      | 25.0                     |
| ThetaJA (C/W)         | 2.7                      |
| Airflow (LFM)         | 250                      |
| Heat Sink             | medium (Medium Profile)  |
| ThetaSA (C/W)         | 4.6                      |
| Board Selection       | medium (10"x10")         |
| # of Board Layers     | 12to15 (12 to 15 Layers) |
| Board Temperature (C) | 25.0                     |
+-----------------------+--------------------------+


2.2 Clock Constraints
---------------------

+-------+--------+-----------------+
| Clock | Domain | Constraint (ns) |
+-------+--------+-----------------+


3. Detailed Reports
-------------------

3.1 By Hierarchy
----------------

+------------------------------------+-----------+
| Name                               | Power (W) |
+------------------------------------+-----------+
| computer                           |    87.396 |
|   PCcontrol_inst                   |     0.080 |
|   PCregister_inst                  |     0.736 |
|   instruction_decode_inst          |     3.175 |
|   instruction_execute_inst         |    10.542 |
|     ALU_inst                       |     0.050 |
|       adder_inst                   |     0.050 |
|     Aregister_inst                 |     2.595 |
|       register_inst                |     2.595 |
|     Bregister_inst                 |     5.890 |
|       register_inst                |     5.890 |
|     RAM_inst                       |     2.007 |
|       Mux256bit_inst               |     0.010 |
|         Mux16bit_0                 |     0.006 |
|           Mux_0                    |     0.002 |
|           Mux_1                    |    <0.001 |
|           Mux_10                   |     0.000 |
|           Mux_11                   |     0.000 |
|           Mux_12                   |     0.000 |
|           Mux_13                   |     0.000 |
|           Mux_14                   |     0.000 |
|           Mux_2                    |     0.000 |
|           Mux_3                    |     0.003 |
|           Mux_4                    |     0.000 |
|           Mux_5                    |     0.000 |
|           Mux_6                    |     0.000 |
|           Mux_7                    |     0.000 |
|           Mux_8                    |     0.000 |
|           Mux_9                    |     0.000 |
|         Mux16bit_1                 |     0.000 |
|           Mux_0                    |     0.000 |
|           Mux_1                    |     0.000 |
|           Mux_10                   |     0.000 |
|           Mux_11                   |     0.000 |
|           Mux_12                   |     0.000 |
|           Mux_13                   |     0.000 |
|           Mux_14                   |     0.000 |
|           Mux_2                    |     0.000 |
|           Mux_3                    |     0.000 |
|           Mux_4                    |     0.000 |
|           Mux_5                    |     0.000 |
|           Mux_6                    |     0.000 |
|           Mux_7                    |     0.000 |
|           Mux_8                    |     0.000 |
|           Mux_9                    |     0.000 |
|         Mux16bit_10                |     0.000 |
|           Mux_0                    |     0.000 |
|           Mux_1                    |     0.000 |
|           Mux_10                   |     0.000 |
|           Mux_11                   |     0.000 |
|           Mux_12                   |     0.000 |
|           Mux_13                   |     0.000 |
|           Mux_14                   |     0.000 |
|           Mux_2                    |     0.000 |
|           Mux_3                    |     0.000 |
|           Mux_4                    |     0.000 |
|           Mux_5                    |     0.000 |
|           Mux_6                    |     0.000 |
|           Mux_7                    |     0.000 |
|           Mux_8                    |     0.000 |
|           Mux_9                    |     0.000 |
|         Mux16bit_11                |     0.000 |
|           Mux_0                    |     0.000 |
|           Mux_1                    |     0.000 |
|           Mux_10                   |     0.000 |
|           Mux_11                   |     0.000 |
|           Mux_12                   |     0.000 |
|           Mux_13                   |     0.000 |
|           Mux_14                   |     0.000 |
|           Mux_2                    |     0.000 |
|           Mux_3                    |     0.000 |
|           Mux_4                    |     0.000 |
|           Mux_5                    |     0.000 |
|           Mux_6                    |     0.000 |
|           Mux_7                    |     0.000 |
|           Mux_8                    |     0.000 |
|           Mux_9                    |     0.000 |
|         Mux16bit_12                |     0.000 |
|           Mux_0                    |     0.000 |
|           Mux_1                    |     0.000 |
|           Mux_10                   |     0.000 |
|           Mux_11                   |     0.000 |
|           Mux_12                   |     0.000 |
|           Mux_13                   |     0.000 |
|           Mux_14                   |     0.000 |
|           Mux_2                    |     0.000 |
|           Mux_3                    |     0.000 |
|           Mux_4                    |     0.000 |
|           Mux_5                    |     0.000 |
|           Mux_6                    |     0.000 |
|           Mux_7                    |     0.000 |
|           Mux_8                    |     0.000 |
|           Mux_9                    |     0.000 |
|         Mux16bit_13                |     0.000 |
|           Mux_0                    |     0.000 |
|           Mux_1                    |     0.000 |
|           Mux_10                   |     0.000 |
|           Mux_11                   |     0.000 |
|           Mux_12                   |     0.000 |
|           Mux_13                   |     0.000 |
|           Mux_14                   |     0.000 |
|           Mux_2                    |     0.000 |
|           Mux_3                    |     0.000 |
|           Mux_4                    |     0.000 |
|           Mux_5                    |     0.000 |
|           Mux_6                    |     0.000 |
|           Mux_7                    |     0.000 |
|           Mux_8                    |     0.000 |
|           Mux_9                    |     0.000 |
|         Mux16bit_14                |     0.000 |
|           Mux_0                    |     0.000 |
|           Mux_1                    |     0.000 |
|           Mux_10                   |     0.000 |
|           Mux_11                   |     0.000 |
|           Mux_12                   |     0.000 |
|           Mux_13                   |     0.000 |
|           Mux_14                   |     0.000 |
|           Mux_2                    |     0.000 |
|           Mux_3                    |     0.000 |
|           Mux_4                    |     0.000 |
|           Mux_5                    |     0.000 |
|           Mux_6                    |     0.000 |
|           Mux_7                    |     0.000 |
|           Mux_8                    |     0.000 |
|           Mux_9                    |     0.000 |
|         Mux16bit_15                |     0.000 |
|           Mux_0                    |     0.000 |
|           Mux_1                    |     0.000 |
|           Mux_10                   |     0.000 |
|           Mux_11                   |     0.000 |
|           Mux_12                   |     0.000 |
|           Mux_13                   |     0.000 |
|           Mux_14                   |     0.000 |
|           Mux_2                    |     0.000 |
|           Mux_3                    |     0.000 |
|           Mux_4                    |     0.000 |
|           Mux_5                    |     0.000 |
|           Mux_6                    |     0.000 |
|           Mux_7                    |     0.000 |
|           Mux_8                    |     0.000 |
|           Mux_9                    |     0.000 |
|         Mux16bit_2                 |     0.000 |
|           Mux_0                    |     0.000 |
|           Mux_1                    |     0.000 |
|           Mux_10                   |     0.000 |
|           Mux_11                   |     0.000 |
|           Mux_12                   |     0.000 |
|           Mux_13                   |     0.000 |
|           Mux_14                   |     0.000 |
|           Mux_2                    |     0.000 |
|           Mux_3                    |     0.000 |
|           Mux_4                    |     0.000 |
|           Mux_5                    |     0.000 |
|           Mux_6                    |     0.000 |
|           Mux_7                    |     0.000 |
|           Mux_8                    |     0.000 |
|           Mux_9                    |     0.000 |
|         Mux16bit_3                 |     0.000 |
|           Mux_0                    |     0.000 |
|           Mux_1                    |     0.000 |
|           Mux_10                   |     0.000 |
|           Mux_11                   |     0.000 |
|           Mux_12                   |     0.000 |
|           Mux_13                   |     0.000 |
|           Mux_14                   |     0.000 |
|           Mux_2                    |     0.000 |
|           Mux_3                    |     0.000 |
|           Mux_4                    |     0.000 |
|           Mux_5                    |     0.000 |
|           Mux_6                    |     0.000 |
|           Mux_7                    |     0.000 |
|           Mux_8                    |     0.000 |
|           Mux_9                    |     0.000 |
|         Mux16bit_4                 |     0.000 |
|           Mux_0                    |     0.000 |
|           Mux_1                    |     0.000 |
|           Mux_10                   |     0.000 |
|           Mux_11                   |     0.000 |
|           Mux_12                   |     0.000 |
|           Mux_13                   |     0.000 |
|           Mux_14                   |     0.000 |
|           Mux_2                    |     0.000 |
|           Mux_3                    |     0.000 |
|           Mux_4                    |     0.000 |
|           Mux_5                    |     0.000 |
|           Mux_6                    |     0.000 |
|           Mux_7                    |     0.000 |
|           Mux_8                    |     0.000 |
|           Mux_9                    |     0.000 |
|         Mux16bit_5                 |     0.000 |
|           Mux_0                    |     0.000 |
|           Mux_1                    |     0.000 |
|           Mux_10                   |     0.000 |
|           Mux_11                   |     0.000 |
|           Mux_12                   |     0.000 |
|           Mux_13                   |     0.000 |
|           Mux_14                   |     0.000 |
|           Mux_2                    |     0.000 |
|           Mux_3                    |     0.000 |
|           Mux_4                    |     0.000 |
|           Mux_5                    |     0.000 |
|           Mux_6                    |     0.000 |
|           Mux_7                    |     0.000 |
|           Mux_8                    |     0.000 |
|           Mux_9                    |     0.000 |
|         Mux16bit_6                 |     0.000 |
|           Mux_0                    |     0.000 |
|           Mux_1                    |     0.000 |
|           Mux_10                   |     0.000 |
|           Mux_11                   |     0.000 |
|           Mux_12                   |     0.000 |
|           Mux_13                   |     0.000 |
|           Mux_14                   |     0.000 |
|           Mux_2                    |     0.000 |
|           Mux_3                    |     0.000 |
|           Mux_4                    |     0.000 |
|           Mux_5                    |     0.000 |
|           Mux_6                    |     0.000 |
|           Mux_7                    |     0.000 |
|           Mux_8                    |     0.000 |
|           Mux_9                    |     0.000 |
|         Mux16bit_7                 |     0.000 |
|           Mux_0                    |     0.000 |
|           Mux_1                    |     0.000 |
|           Mux_10                   |     0.000 |
|           Mux_11                   |     0.000 |
|           Mux_12                   |     0.000 |
|           Mux_13                   |     0.000 |
|           Mux_14                   |     0.000 |
|           Mux_2                    |     0.000 |
|           Mux_3                    |     0.000 |
|           Mux_4                    |     0.000 |
|           Mux_5                    |     0.000 |
|           Mux_6                    |     0.000 |
|           Mux_7                    |     0.000 |
|           Mux_8                    |     0.000 |
|           Mux_9                    |     0.000 |
|         Mux16bit_8                 |     0.000 |
|           Mux_0                    |     0.000 |
|           Mux_1                    |     0.000 |
|           Mux_10                   |     0.000 |
|           Mux_11                   |     0.000 |
|           Mux_12                   |     0.000 |
|           Mux_13                   |     0.000 |
|           Mux_14                   |     0.000 |
|           Mux_2                    |     0.000 |
|           Mux_3                    |     0.000 |
|           Mux_4                    |     0.000 |
|           Mux_5                    |     0.000 |
|           Mux_6                    |     0.000 |
|           Mux_7                    |     0.000 |
|           Mux_8                    |     0.000 |
|           Mux_9                    |     0.000 |
|         Mux16bit_9                 |     0.000 |
|           Mux_0                    |     0.000 |
|           Mux_1                    |     0.000 |
|           Mux_10                   |     0.000 |
|           Mux_11                   |     0.000 |
|           Mux_12                   |     0.000 |
|           Mux_13                   |     0.000 |
|           Mux_14                   |     0.000 |
|           Mux_2                    |     0.000 |
|           Mux_3                    |     0.000 |
|           Mux_4                    |     0.000 |
|           Mux_5                    |     0.000 |
|           Mux_6                    |     0.000 |
|           Mux_7                    |     0.000 |
|           Mux_8                    |     0.000 |
|           Mux_9                    |     0.000 |
|         Mux_0                      |    <0.001 |
|         Mux_1                      |    <0.001 |
|         Mux_10                     |     0.000 |
|         Mux_11                     |     0.000 |
|         Mux_12                     |     0.000 |
|         Mux_13                     |     0.000 |
|         Mux_14                     |     0.000 |
|         Mux_2                      |     0.000 |
|         Mux_3                      |     0.002 |
|         Mux_4                      |     0.000 |
|         Mux_5                      |     0.000 |
|         Mux_6                      |     0.000 |
|         Mux_7                      |    <0.001 |
|         Mux_8                      |     0.000 |
|         Mux_9                      |     0.000 |
|       register256_inst             |     1.997 |
|         genblk1[0].register_inst   |     0.000 |
|         genblk1[100].register_inst |     0.000 |
|         genblk1[101].register_inst |     0.000 |
|         genblk1[102].register_inst |     0.000 |
|         genblk1[103].register_inst |     0.023 |
|         genblk1[104].register_inst |     0.000 |
|         genblk1[105].register_inst |     0.000 |
|         genblk1[106].register_inst |     0.000 |
|         genblk1[107].register_inst |     0.026 |
|         genblk1[108].register_inst |     0.000 |
|         genblk1[109].register_inst |     0.000 |
|         genblk1[10].register_inst  |     0.000 |
|         genblk1[110].register_inst |     0.000 |
|         genblk1[111].register_inst |     0.023 |
|         genblk1[112].register_inst |     0.000 |
|         genblk1[113].register_inst |     0.000 |
|         genblk1[114].register_inst |     0.000 |
|         genblk1[115].register_inst |     0.070 |
|         genblk1[116].register_inst |     0.000 |
|         genblk1[117].register_inst |     0.000 |
|         genblk1[118].register_inst |     0.000 |
|         genblk1[119].register_inst |     0.021 |
|         genblk1[11].register_inst  |     0.020 |
|         genblk1[120].register_inst |     0.000 |
|         genblk1[121].register_inst |     0.000 |
|         genblk1[122].register_inst |     0.000 |
|         genblk1[123].register_inst |     0.021 |
|         genblk1[124].register_inst |     0.000 |
|         genblk1[125].register_inst |     0.000 |
|         genblk1[126].register_inst |     0.000 |
|         genblk1[127].register_inst |     0.021 |
|         genblk1[128].register_inst |     0.000 |
|         genblk1[129].register_inst |     0.000 |
|         genblk1[12].register_inst  |     0.000 |
|         genblk1[130].register_inst |     0.000 |
|         genblk1[131].register_inst |     0.031 |
|         genblk1[132].register_inst |     0.000 |
|         genblk1[133].register_inst |     0.000 |
|         genblk1[134].register_inst |     0.000 |
|         genblk1[135].register_inst |     0.022 |
|         genblk1[136].register_inst |     0.000 |
|         genblk1[137].register_inst |     0.000 |
|         genblk1[138].register_inst |     0.000 |
|         genblk1[139].register_inst |     0.025 |
|         genblk1[13].register_inst  |     0.000 |
|         genblk1[140].register_inst |     0.000 |
|         genblk1[141].register_inst |     0.000 |
|         genblk1[142].register_inst |     0.000 |
|         genblk1[143].register_inst |     0.024 |
|         genblk1[144].register_inst |     0.000 |
|         genblk1[145].register_inst |     0.000 |
|         genblk1[146].register_inst |     0.000 |
|         genblk1[147].register_inst |     0.019 |
|         genblk1[148].register_inst |     0.000 |
|         genblk1[149].register_inst |     0.000 |
|         genblk1[14].register_inst  |     0.000 |
|         genblk1[150].register_inst |     0.000 |
|         genblk1[151].register_inst |     0.023 |
|         genblk1[152].register_inst |     0.000 |
|         genblk1[153].register_inst |     0.000 |
|         genblk1[154].register_inst |     0.000 |
|         genblk1[155].register_inst |     0.025 |
|         genblk1[156].register_inst |     0.000 |
|         genblk1[157].register_inst |     0.000 |
|         genblk1[158].register_inst |     0.000 |
|         genblk1[159].register_inst |     0.028 |
|         genblk1[15].register_inst  |     0.020 |
|         genblk1[160].register_inst |     0.000 |
|         genblk1[161].register_inst |     0.000 |
|         genblk1[162].register_inst |     0.000 |
|         genblk1[163].register_inst |     0.038 |
|         genblk1[164].register_inst |     0.000 |
|         genblk1[165].register_inst |     0.000 |
|         genblk1[166].register_inst |     0.000 |
|         genblk1[167].register_inst |     0.023 |
|         genblk1[168].register_inst |     0.000 |
|         genblk1[169].register_inst |     0.000 |
|         genblk1[16].register_inst  |     0.000 |
|         genblk1[170].register_inst |     0.000 |
|         genblk1[171].register_inst |     0.026 |
|         genblk1[172].register_inst |     0.000 |
|         genblk1[173].register_inst |     0.000 |
|         genblk1[174].register_inst |     0.000 |
|         genblk1[175].register_inst |     0.017 |
|         genblk1[176].register_inst |     0.000 |
|         genblk1[177].register_inst |     0.000 |
|         genblk1[178].register_inst |     0.000 |
|         genblk1[179].register_inst |     0.049 |
|         genblk1[17].register_inst  |     0.000 |
|         genblk1[180].register_inst |     0.000 |
|         genblk1[181].register_inst |     0.000 |
|         genblk1[182].register_inst |     0.000 |
|         genblk1[183].register_inst |     0.019 |
|         genblk1[184].register_inst |     0.000 |
|         genblk1[185].register_inst |     0.000 |
|         genblk1[186].register_inst |     0.000 |
|         genblk1[187].register_inst |     0.022 |
|         genblk1[188].register_inst |     0.000 |
|         genblk1[189].register_inst |     0.000 |
|         genblk1[18].register_inst  |     0.000 |
|         genblk1[190].register_inst |     0.000 |
|         genblk1[191].register_inst |     0.025 |
|         genblk1[192].register_inst |     0.000 |
|         genblk1[193].register_inst |     0.000 |
|         genblk1[194].register_inst |     0.000 |
|         genblk1[195].register_inst |     0.025 |
|         genblk1[196].register_inst |     0.000 |
|         genblk1[197].register_inst |     0.000 |
|         genblk1[198].register_inst |     0.000 |
|         genblk1[199].register_inst |     0.022 |
|         genblk1[19].register_inst  |     0.045 |
|         genblk1[1].register_inst   |     0.000 |
|         genblk1[200].register_inst |     0.000 |
|         genblk1[201].register_inst |     0.000 |
|         genblk1[202].register_inst |     0.000 |
|         genblk1[203].register_inst |     0.024 |
|         genblk1[204].register_inst |     0.000 |
|         genblk1[205].register_inst |     0.000 |
|         genblk1[206].register_inst |     0.000 |
|         genblk1[207].register_inst |     0.024 |
|         genblk1[208].register_inst |     0.000 |
|         genblk1[209].register_inst |     0.000 |
|         genblk1[20].register_inst  |     0.000 |
|         genblk1[210].register_inst |     0.000 |
|         genblk1[211].register_inst |     0.025 |
|         genblk1[212].register_inst |     0.000 |
|         genblk1[213].register_inst |     0.000 |
|         genblk1[214].register_inst |     0.000 |
|         genblk1[215].register_inst |     0.027 |
|         genblk1[216].register_inst |     0.000 |
|         genblk1[217].register_inst |     0.000 |
|         genblk1[218].register_inst |     0.000 |
|         genblk1[219].register_inst |     0.025 |
|         genblk1[21].register_inst  |     0.000 |
|         genblk1[220].register_inst |     0.000 |
|         genblk1[221].register_inst |     0.000 |
|         genblk1[222].register_inst |     0.000 |
|         genblk1[223].register_inst |     0.020 |
|         genblk1[224].register_inst |     0.000 |
|         genblk1[225].register_inst |     0.000 |
|         genblk1[226].register_inst |     0.000 |
|         genblk1[227].register_inst |     0.018 |
|         genblk1[228].register_inst |     0.000 |
|         genblk1[229].register_inst |     0.000 |
|         genblk1[22].register_inst  |     0.000 |
|         genblk1[230].register_inst |     0.000 |
|         genblk1[231].register_inst |     0.021 |
|         genblk1[232].register_inst |     0.000 |
|         genblk1[233].register_inst |     0.000 |
|         genblk1[234].register_inst |     0.000 |
|         genblk1[235].register_inst |     0.018 |
|         genblk1[236].register_inst |     0.000 |
|         genblk1[237].register_inst |     0.000 |
|         genblk1[238].register_inst |     0.000 |
|         genblk1[239].register_inst |     0.019 |
|         genblk1[23].register_inst  |     0.027 |
|         genblk1[240].register_inst |     0.000 |
|         genblk1[241].register_inst |     0.000 |
|         genblk1[242].register_inst |     0.000 |
|         genblk1[243].register_inst |     0.056 |
|         genblk1[244].register_inst |     0.000 |
|         genblk1[245].register_inst |     0.000 |
|         genblk1[246].register_inst |     0.000 |
|         genblk1[247].register_inst |     0.023 |
|         genblk1[248].register_inst |     0.000 |
|         genblk1[249].register_inst |     0.000 |
|         genblk1[24].register_inst  |     0.000 |
|         genblk1[250].register_inst |     0.000 |
|         genblk1[251].register_inst |     0.021 |
|         genblk1[252].register_inst |     0.000 |
|         genblk1[253].register_inst |     0.000 |
|         genblk1[254].register_inst |     0.000 |
|         genblk1[255].register_inst |     0.028 |
|         genblk1[25].register_inst  |     0.000 |
|         genblk1[26].register_inst  |     0.000 |
|         genblk1[27].register_inst  |     0.024 |
|         genblk1[28].register_inst  |     0.000 |
|         genblk1[29].register_inst  |     0.000 |
|         genblk1[2].register_inst   |     0.000 |
|         genblk1[30].register_inst  |     0.000 |
|         genblk1[31].register_inst  |     0.024 |
|         genblk1[32].register_inst  |     0.000 |
|         genblk1[33].register_inst  |     0.000 |
|         genblk1[34].register_inst  |     0.000 |
|         genblk1[35].register_inst  |     0.021 |
|         genblk1[36].register_inst  |     0.000 |
|         genblk1[37].register_inst  |     0.000 |
|         genblk1[38].register_inst  |     0.000 |
|         genblk1[39].register_inst  |     0.022 |
|         genblk1[3].register_inst   |     0.042 |
|         genblk1[40].register_inst  |     0.000 |
|         genblk1[41].register_inst  |     0.000 |
|         genblk1[42].register_inst  |     0.000 |
|         genblk1[43].register_inst  |     0.018 |
|         genblk1[44].register_inst  |     0.000 |
|         genblk1[45].register_inst  |     0.000 |
|         genblk1[46].register_inst  |     0.000 |
|         genblk1[47].register_inst  |     0.023 |
|         genblk1[48].register_inst  |     0.000 |
|         genblk1[49].register_inst  |     0.000 |
|         genblk1[4].register_inst   |     0.000 |
|         genblk1[50].register_inst  |     0.000 |
|         genblk1[51].register_inst  |     0.392 |
|         genblk1[52].register_inst  |     0.000 |
|         genblk1[53].register_inst  |     0.000 |
|         genblk1[54].register_inst  |     0.000 |
|         genblk1[55].register_inst  |     0.021 |
|         genblk1[56].register_inst  |     0.000 |
|         genblk1[57].register_inst  |     0.000 |
|         genblk1[58].register_inst  |     0.000 |
|         genblk1[59].register_inst  |     0.026 |
|         genblk1[5].register_inst   |     0.000 |
|         genblk1[60].register_inst  |     0.000 |
|         genblk1[61].register_inst  |     0.000 |
|         genblk1[62].register_inst  |     0.000 |
|         genblk1[63].register_inst  |     0.019 |
|         genblk1[64].register_inst  |     0.000 |
|         genblk1[65].register_inst  |     0.000 |
|         genblk1[66].register_inst  |     0.000 |
|         genblk1[67].register_inst  |     0.021 |
|         genblk1[68].register_inst  |     0.000 |
|         genblk1[69].register_inst  |     0.000 |
|         genblk1[6].register_inst   |     0.000 |
|         genblk1[70].register_inst  |     0.000 |
|         genblk1[71].register_inst  |     0.020 |
|         genblk1[72].register_inst  |     0.000 |
|         genblk1[73].register_inst  |     0.000 |
|         genblk1[74].register_inst  |     0.000 |
|         genblk1[75].register_inst  |     0.028 |
|         genblk1[76].register_inst  |     0.000 |
|         genblk1[77].register_inst  |     0.000 |
|         genblk1[78].register_inst  |     0.000 |
|         genblk1[79].register_inst  |     0.026 |
|         genblk1[7].register_inst   |     0.020 |
|         genblk1[80].register_inst  |     0.000 |
|         genblk1[81].register_inst  |     0.000 |
|         genblk1[82].register_inst  |     0.000 |
|         genblk1[83].register_inst  |     0.022 |
|         genblk1[84].register_inst  |     0.000 |
|         genblk1[85].register_inst  |     0.000 |
|         genblk1[86].register_inst  |     0.000 |
|         genblk1[87].register_inst  |     0.023 |
|         genblk1[88].register_inst  |     0.000 |
|         genblk1[89].register_inst  |     0.000 |
|         genblk1[8].register_inst   |     0.000 |
|         genblk1[90].register_inst  |     0.000 |
|         genblk1[91].register_inst  |     0.024 |
|         genblk1[92].register_inst  |     0.000 |
|         genblk1[93].register_inst  |     0.000 |
|         genblk1[94].register_inst  |     0.000 |
|         genblk1[95].register_inst  |     0.021 |
|         genblk1[96].register_inst  |     0.000 |
|         genblk1[97].register_inst  |     0.000 |
|         genblk1[98].register_inst  |     0.000 |
|         genblk1[99].register_inst  |     0.033 |
|         genblk1[9].register_inst   |     0.000 |
|   instruction_fetch_inst           |     0.154 |
|     ROM_inst                       |     0.099 |
|       DMux256bit_inst              |     0.099 |
|   seg_led_inst                     |     0.372 |
|     counter                        |     0.194 |
|     my_clock                       |     0.178 |
+------------------------------------+-----------+


