#-----------------------------------------------------------
# Vivado v2018.2 (64-bit)
# SW Build 2258646 on Thu Jun 14 20:03:12 MDT 2018
# IP Build 2256618 on Thu Jun 14 22:10:49 MDT 2018
# Start of session at: Sun Jan  7 19:35:16 2024
# Process ID: 20856
# Current directory: E:/29917/Documents/8bitALU_orig01
# Command line: vivado.exe -gui_launcher_event rodinguilauncherevent25356 E:\29917\Documents\8bitALU_orig01\8bitALU_orig01.xpr
# Log file: E:/29917/Documents/8bitALU_orig01/vivado.log
# Journal file: E:/29917/Documents/8bitALU_orig01\vivado.jou
#-----------------------------------------------------------
start_gui
open_project E:/29917/Documents/8bitALU_orig01/8bitALU_orig01.xpr
INFO: [Project 1-313] Project file moved from 'C:/Users/huyan/Documents/8bitALU_orig01' since last save.
Scanning sources...
Finished scanning sources
INFO: [IP_Flow 19-234] Refreshing IP repositories
INFO: [IP_Flow 19-1704] No user IP repositories specified
INFO: [IP_Flow 19-2313] Loaded Vivado IP repository 'C:/Xilinx/Vivado/2018.2/data/ip'.
open_project: Time (s): cpu = 00:00:13 ; elapsed = 00:00:16 . Memory (MB): peak = 880.738 ; gain = 134.816
update_compile_order -fileset sources_1
close [ open E:/29917/Documents/8bitALU_orig01/8bitALU_orig01.srcs/sources_1/new/computer.v w ]
add_files E:/29917/Documents/8bitALU_orig01/8bitALU_orig01.srcs/sources_1/new/computer.v
update_compile_order -fileset sources_1
update_compile_order -fileset sources_1
set_property top computer [current_fileset]
update_compile_order -fileset sources_1
close [ open E:/29917/Documents/8bitALU_orig01/8bitALU_orig01.srcs/sources_1/new/Mux.v w ]
add_files E:/29917/Documents/8bitALU_orig01/8bitALU_orig01.srcs/sources_1/new/Mux.v
close [ open E:/29917/Documents/8bitALU_orig01/8bitALU_orig01.srcs/sources_1/new/DMux.v w ]
add_files E:/29917/Documents/8bitALU_orig01/8bitALU_orig01.srcs/sources_1/new/DMux.v
update_compile_order -fileset sources_1
close [ open E:/29917/Documents/8bitALU_orig01/8bitALU_orig01.srcs/sources_1/new/register.v w ]
add_files E:/29917/Documents/8bitALU_orig01/8bitALU_orig01.srcs/sources_1/new/register.v
update_compile_order -fileset sources_1
close [ open E:/29917/Documents/8bitALU_orig01/8bitALU_orig01.srcs/sources_1/new/Register-8bit.v w ]
add_files E:/29917/Documents/8bitALU_orig01/8bitALU_orig01.srcs/sources_1/new/Register-8bit.v
update_compile_order -fileset sources_1
export_ip_user_files -of_objects  [get_files E:/29917/Documents/8bitALU_orig01/8bitALU_orig01.srcs/sources_1/new/Register-8bit.v] -no_script -reset -force -quiet
remove_files  E:/29917/Documents/8bitALU_orig01/8bitALU_orig01.srcs/sources_1/new/Register-8bit.v
file delete -force E:/29917/Documents/8bitALU_orig01/8bitALU_orig01.srcs/sources_1/new/Register-8bit.v
close [ open E:/29917/Documents/8bitALU_orig01/8bitALU_orig01.srcs/sources_1/new/Register8bit.v w ]
add_files E:/29917/Documents/8bitALU_orig01/8bitALU_orig01.srcs/sources_1/new/Register8bit.v
update_compile_order -fileset sources_1
close [ open E:/29917/Documents/8bitALU_orig01/8bitALU_orig01.srcs/sources_1/new/Mux4bit.v w ]
add_files E:/29917/Documents/8bitALU_orig01/8bitALU_orig01.srcs/sources_1/new/Mux4bit.v
update_compile_order -fileset sources_1
export_ip_user_files -of_objects  [get_files E:/29917/Documents/8bitALU_orig01/8bitALU_orig01.srcs/sources_1/new/Register8bit.v] -no_script -reset -force -quiet
remove_files  E:/29917/Documents/8bitALU_orig01/8bitALU_orig01.srcs/sources_1/new/Register8bit.v
file delete -force E:/29917/Documents/8bitALU_orig01/8bitALU_orig01.srcs/sources_1/new/Register8bit.v
export_ip_user_files -of_objects  [get_files E:/29917/Documents/8bitALU_orig01/8bitALU_orig01.srcs/sources_1/new/Mux4bit.v] -no_script -reset -force -quiet
remove_files  E:/29917/Documents/8bitALU_orig01/8bitALU_orig01.srcs/sources_1/new/Mux4bit.v
file delete -force E:/29917/Documents/8bitALU_orig01/8bitALU_orig01.srcs/sources_1/new/Mux4bit.v
close [ open E:/29917/Documents/8bitALU_orig01/8bitALU_orig01.srcs/sources_1/new/Mux16bit.v w ]
add_files E:/29917/Documents/8bitALU_orig01/8bitALU_orig01.srcs/sources_1/new/Mux16bit.v
update_compile_order -fileset sources_1
close [ open E:/29917/Documents/8bitALU_orig01/8bitALU_orig01.srcs/sources_1/new/register16bit.v w ]
add_files E:/29917/Documents/8bitALU_orig01/8bitALU_orig01.srcs/sources_1/new/register16bit.v
update_compile_order -fileset sources_1
export_ip_user_files -of_objects  [get_files E:/29917/Documents/8bitALU_orig01/8bitALU_orig01.srcs/sources_1/new/register16bit.v] -no_script -reset -force -quiet
remove_files  E:/29917/Documents/8bitALU_orig01/8bitALU_orig01.srcs/sources_1/new/register16bit.v
file delete -force E:/29917/Documents/8bitALU_orig01/8bitALU_orig01.srcs/sources_1/new/register16bit.v
close [ open E:/29917/Documents/8bitALU_orig01/8bitALU_orig01.srcs/sources_1/new/register256.v w ]
add_files E:/29917/Documents/8bitALU_orig01/8bitALU_orig01.srcs/sources_1/new/register256.v
update_compile_order -fileset sources_1
close [ open E:/29917/Documents/8bitALU_orig01/8bitALU_orig01.srcs/sources_1/new/Mux256bit.v w ]
add_files E:/29917/Documents/8bitALU_orig01/8bitALU_orig01.srcs/sources_1/new/Mux256bit.v
update_compile_order -fileset sources_1
close [ open E:/29917/Documents/8bitALU_orig01/8bitALU_orig01.srcs/sources_1/new/DMux16bit.v w ]
add_files E:/29917/Documents/8bitALU_orig01/8bitALU_orig01.srcs/sources_1/new/DMux16bit.v
update_compile_order -fileset sources_1
close [ open E:/29917/Documents/8bitALU_orig01/8bitALU_orig01.srcs/sources_1/new/DMux256bit.v w ]
add_files E:/29917/Documents/8bitALU_orig01/8bitALU_orig01.srcs/sources_1/new/DMux256bit.v
update_compile_order -fileset sources_1
reset_run synth_1
launch_runs synth_1 -jobs 6
[Mon Jan  8 01:09:49 2024] Launched synth_1...
Run output will be captured here: E:/29917/Documents/8bitALU_orig01/8bitALU_orig01.runs/synth_1/runme.log
reset_run synth_1
launch_runs synth_1 -jobs 6
[Mon Jan  8 01:10:38 2024] Launched synth_1...
Run output will be captured here: E:/29917/Documents/8bitALU_orig01/8bitALU_orig01.runs/synth_1/runme.log
update_compile_order -fileset sources_1
reset_run synth_1
launch_runs synth_1 -jobs 6
[Mon Jan  8 01:15:35 2024] Launched synth_1...
Run output will be captured here: E:/29917/Documents/8bitALU_orig01/8bitALU_orig01.runs/synth_1/runme.log
update_compile_order -fileset sources_1
reset_run synth_1
launch_runs synth_1 -jobs 6
CRITICAL WARNING: [HDL 9-806] Syntax error near ")". [E:/29917/Documents/8bitALU_orig01/8bitALU_orig01.srcs/sources_1/new/Mux.v:26]
[Mon Jan  8 01:18:05 2024] Launched synth_1...
Run output will be captured here: E:/29917/Documents/8bitALU_orig01/8bitALU_orig01.runs/synth_1/runme.log
reset_run synth_1
update_compile_order -fileset sources_1
launch_runs synth_1 -jobs 6
[Mon Jan  8 01:18:31 2024] Launched synth_1...
Run output will be captured here: E:/29917/Documents/8bitALU_orig01/8bitALU_orig01.runs/synth_1/runme.log
reset_run synth_1
launch_runs synth_1 -jobs 6
[Mon Jan  8 01:19:24 2024] Launched synth_1...
Run output will be captured here: E:/29917/Documents/8bitALU_orig01/8bitALU_orig01.runs/synth_1/runme.log
reset_run synth_1
launch_runs synth_1 -jobs 6
[Mon Jan  8 01:23:07 2024] Launched synth_1...
Run output will be captured here: E:/29917/Documents/8bitALU_orig01/8bitALU_orig01.runs/synth_1/runme.log
exit
INFO: [Common 17-206] Exiting Vivado at Mon Jan  8 01:25:23 2024...
