#-----------------------------------------------------------
# Vivado v2018.2 (64-bit)
# SW Build 2258646 on Thu Jun 14 20:03:12 MDT 2018
# IP Build 2256618 on Thu Jun 14 22:10:49 MDT 2018
# Start of session at: Mon Feb 26 08:53:57 2024
# Process ID: 3404
# Current directory: C:/dachuang/CPU-ON-FPGA/8bitALU_orig01
# Command line: vivado.exe -gui_launcher_event rodinguilauncherevent13324 C:\dachuang\CPU-ON-FPGA\8bitALU_orig01\8bitALU_orig01.xpr
# Log file: C:/dachuang/CPU-ON-FPGA/8bitALU_orig01/vivado.log
# Journal file: C:/dachuang/CPU-ON-FPGA/8bitALU_orig01\vivado.jou
#-----------------------------------------------------------
start_gui
open_project C:/dachuang/CPU-ON-FPGA/8bitALU_orig01/8bitALU_orig01.xpr
Scanning sources...
Finished scanning sources
INFO: [IP_Flow 19-234] Refreshing IP repositories
INFO: [IP_Flow 19-1704] No user IP repositories specified
INFO: [IP_Flow 19-2313] Loaded Vivado IP repository 'C:/Xilinx/Vivado/2018.2/data/ip'.
open_project: Time (s): cpu = 00:00:05 ; elapsed = 00:00:06 . Memory (MB): peak = 868.730 ; gain = 169.176
update_compile_order -fileset sources_1
exit
INFO: [Common 17-206] Exiting Vivado at Mon Feb 26 09:37:52 2024...
